[22Feb2026 11:02:17.214] [main/INFO] [cpw.mods.modlauncher.Launcher/MODLAUNCHER]: ModLauncher running: args [--launchTarget, forgeclientdev, --version, 21.1.219, --assetIndex, 17, --assetsDir, C:\\Users\\Cole\\.gradle\\caches\\neoformruntime\\assets, --gameDir, ., --fml.fmlVersion, 4.0.42, --fml.mcVersion, 1.21.1, --fml.neoForgeVersion, 21.1.219, --fml.neoFormVersion, 20240808.144430]
[22Feb2026 11:02:17.217] [main/INFO] [cpw.mods.modlauncher.Launcher/MODLAUNCHER]: JVM identified as Eclipse Adoptium OpenJDK 64-Bit Server VM 21.0.6+7-LTS
[22Feb2026 11:02:17.219] [main/INFO] [cpw.mods.modlauncher.Launcher/MODLAUNCHER]: ModLauncher 11.0.5+main.901c6ea8 starting: java version 21.0.6 by Eclipse Adoptium; OS Windows 11 arch amd64 version 10.0
[22Feb2026 11:02:17.356] [main/INFO] [net.neoforged.fml.loading.ImmediateWindowHandler/]: Loading ImmediateWindowProvider fmlearlywindow
[22Feb2026 11:02:17.498] [main/INFO] [EARLYDISPLAY/]: Trying GL version 4.6
[22Feb2026 11:02:17.705] [main/INFO] [EARLYDISPLAY/]: Requested GL version 4.6 got version 4.6
[22Feb2026 11:02:17.993] [main/INFO] [mixin/]: SpongePowered MIXIN Subsystem Version=0.8.7 Source=union:/C:/Users/Cole/.gradle/caches/modules-2/files-2.1/net.fabricmc/sponge-mixin/0.15.2+mixin.0.8.7/2af2f021d8e02a0220dc27a7a72b4666d66d44ca/sponge-mixin-0.15.2+mixin.0.8.7.jar%23138!/ Service=ModLauncher Env=CLIENT
[22Feb2026 11:02:18.091] [pool-2-thread-1/INFO] [EARLYDISPLAY/]: GL info: NVIDIA GeForce RTX 3060/PCIe/SSE2 GL version 4.6.0 NVIDIA 577.00, NVIDIA Corporation
[22Feb2026 11:02:18.628] [main/INFO] [net.neoforged.fml.loading.moddiscovery.locators.JarInJarDependencyLocator/]: Found 5 dependencies adding them to mods collection
[22Feb2026 11:02:18.631] [main/INFO] [net.neoforged.fml.loading.moddiscovery.ModDiscoverer/]: 
     Mod List:
		Name Version (Mod Id)

		Architectury 13.0.6 (architectury)
		Create 6.0.9 (create)
		Flywheel 1.0.6 (flywheel)
		FTB Library 2101.1.30 (ftblibrary)
		Minecraft 1.21.1 (minecraft)
		NeoForge 21.1.219 (neoforge)
		Ponder 1.0.81+mc1.21.1 (ponder)
		Satisfactory Ore Nodes 1.0-SNAPSHOT (satisfactory_ore_nodes)
[22Feb2026 11:02:19.648] [main/INFO] [mixin/]: Compatibility level set to JAVA_21
[22Feb2026 11:02:19.682] [main/INFO] [cpw.mods.modlauncher.LaunchServiceHandler/MODLAUNCHER]: Launching target 'forgeclientdev' with arguments [--version, 21.1.219, --gameDir, ., --assetsDir, C:\Users\Cole\.gradle\caches\neoformruntime\assets, --assetIndex, 17]
[22Feb2026 11:02:19.760] [main/WARN] [mixin/]: Reference map 'ponder.refmap.json' for ponder-common.mixins.json could not be read. If this is a development environment you can ignore this message
[22Feb2026 11:02:20.340] [main/WARN] [mixin/]: Error loading class: xaero/map/gui/GuiMap (java.lang.ClassNotFoundException: xaero.map.gui.GuiMap)
[22Feb2026 11:02:20.348] [main/WARN] [mixin/]: @Mixin target xaero.map.gui.GuiMap was not found create.mixins.json:compat.xaeros.XaeroFullscreenMapAccessor from mod create
[22Feb2026 11:02:20.349] [main/WARN] [mixin/]: Error loading class: xaero/map/gui/GuiMap (java.lang.ClassNotFoundException: xaero.map.gui.GuiMap)
[22Feb2026 11:02:20.349] [main/WARN] [mixin/]: @Mixin target xaero.map.gui.GuiMap was not found create.mixins.json:compat.xaeros.XaeroFullscreenMapMixin from mod create
[22Feb2026 11:02:20.372] [main/WARN] [mixin/]: Error loading class: org/jetbrains/annotations/ApiStatus$ScheduledForRemoval (java.lang.ClassNotFoundException: org.jetbrains.annotations.ApiStatus$ScheduledForRemoval)
[22Feb2026 11:02:20.412] [main/INFO] [MixinExtras|Service/]: Initializing MixinExtras via com.llamalad7.mixinextras.service.MixinExtrasServiceImpl(version=0.5.0).
[22Feb2026 11:02:22.328] [Datafixer Bootstrap/INFO] [com.mojang.datafixers.DataFixerBuilder/]: 229 Datafixer optimizations took 503 milliseconds
[22Feb2026 11:02:22.383] [main/WARN] [oshi.driver.windows.perfmon.PerfmonDisabled/]: Invalid registry value type detected for PerfOS counters. Should be REG_DWORD. Ignoring: HKEY_LOCAL_MACHINE\SYSTEM\CurrentControlSet\Services\PerfOS\Performance\Disable Performance Counters.
[22Feb2026 11:02:27.956] [main/WARN] [net.minecraft.commands.Commands/]: Ambiguity between arguments [teleport, location] and [teleport, destination] with inputs: [0.1 -0.5 .9, 0 0 0]
[22Feb2026 11:02:27.957] [main/WARN] [net.minecraft.commands.Commands/]: Ambiguity between arguments [teleport, location] and [teleport, targets] with inputs: [0.1 -0.5 .9, 0 0 0]
[22Feb2026 11:02:27.960] [main/WARN] [net.minecraft.commands.Commands/]: Ambiguity between arguments [teleport, destination] and [teleport, targets] with inputs: [Player, 0123, @e, dd12be42-52a9-4a91-a8a1-11c01849e498]
[22Feb2026 11:02:27.962] [main/WARN] [net.minecraft.commands.Commands/]: Ambiguity between arguments [teleport, targets] and [teleport, destination] with inputs: [Player, 0123, dd12be42-52a9-4a91-a8a1-11c01849e498]
[22Feb2026 11:02:27.964] [main/WARN] [net.minecraft.commands.Commands/]: Ambiguity between arguments [teleport, targets, location] and [teleport, targets, destination] with inputs: [0.1 -0.5 .9, 0 0 0]
[22Feb2026 11:02:28.105] [Render thread/WARN] [net.minecraft.server.packs.VanillaPackResourcesBuilder/]: Assets URL 'union:/D:/MC%20Mods%20Custom/Satisfactory%20Ore%20Nodes/build/moddev/artifacts/neoforge-21.1.219.jar%23190!/assets/.mcassetsroot' uses unexpected schema
[22Feb2026 11:02:28.106] [Render thread/WARN] [net.minecraft.server.packs.VanillaPackResourcesBuilder/]: Assets URL 'union:/D:/MC%20Mods%20Custom/Satisfactory%20Ore%20Nodes/build/moddev/artifacts/neoforge-21.1.219.jar%23190!/data/.mcassetsroot' uses unexpected schema
[22Feb2026 11:02:28.134] [Render thread/INFO] [com.mojang.authlib.yggdrasil.YggdrasilAuthenticationService/]: Environment: Environment[sessionHost=https://sessionserver.mojang.com, servicesHost=https://api.minecraftservices.com, name=PROD]
[22Feb2026 11:02:28.146] [Render thread/INFO] [net.minecraft.client.Minecraft/]: Setting user: Dev
[22Feb2026 11:02:28.262] [Render thread/INFO] [net.minecraft.client.Minecraft/]: Backend library: LWJGL version 3.3.3+5
[22Feb2026 11:02:28.578] [modloading-worker-0/INFO] [net.neoforged.neoforge.common.NeoForgeMod/NEOFORGE-MOD]: NeoForge mod loading, version 21.1.219, for MC 1.21.1
[22Feb2026 11:02:28.668] [modloading-worker-0/INFO] [com.simibubi.create.Create/]: Create 6.0.9 initializing! Commit hash: e2de2b9a02406ec33ff6d8851ed6f0b56240b6ec
[22Feb2026 11:02:31.865] [Render thread/INFO] [net.neoforged.neoforge.gametest.GameTestHooks/]: Enabled Gametest Namespaces: [satisfactory_ore_nodes]
[22Feb2026 11:02:32.170] [Render thread/INFO] [net.minecraft.server.packs.resources.ReloadableResourceManager/]: Reloading ResourceManager: vanilla, mod_resources, mod/satisfactory_ore_nodes, mod/flywheel, mod/architectury, mod/ftblibrary, mod/ponder, mod/create, mod/neoforge
[22Feb2026 11:02:32.188] [Worker-Main-3/INFO] [com.troller2705.satisfactory_ore_nodes.Satisfactory_ore_nodes/]: Satisfactory Nodes Initializing...
[22Feb2026 11:02:32.288] [Worker-Main-8/INFO] [net.minecraft.client.gui.font.providers.UnihexProvider/]: Found unifont_all_no_pua-15.1.05.hex, loading
[22Feb2026 11:02:32.445] [Worker-Main-1/INFO] [net.minecraft.client.gui.font.providers.UnihexProvider/]: Found unifont_jp_patch-15.1.05.hex, loading
[22Feb2026 11:02:33.754] [Worker-Main-4/WARN] [net.minecraft.client.resources.model.ModelBakery/]: Unable to load model: 'satisfactory_ore_nodes:block/copper_node_impure' referenced from: satisfactory_ore_nodes:block/copper_node_impure: java.io.FileNotFoundException: satisfactory_ore_nodes:models/block/copper_node_impure.json
[22Feb2026 11:02:34.101] [Worker-Main-4/WARN] [net.minecraft.client.resources.model.ModelBakery/]: Unable to load model: 'satisfactory_ore_nodes:item/node_scanner' referenced from: satisfactory_ore_nodes:item/node_scanner: java.io.FileNotFoundException: satisfactory_ore_nodes:models/item/node_scanner.json
[22Feb2026 11:02:35.107] [Worker-Main-4/WARN] [net.minecraft.client.resources.model.ModelManager/]: Missing textures in model satisfactory_ore_nodes:iron_node#purity=0:
    minecraft:textures/atlas/blocks.png:satisfactory_ore_nodes:block/iron_node_impure
[22Feb2026 11:02:35.419] [Worker-Main-11/INFO] [PonderIndex/]: Registering Ponder Scenes took 93.01 ms
[22Feb2026 11:02:35.424] [Worker-Main-11/INFO] [PonderIndex/]: Registering Ponder Tags took 4.005 ms
[22Feb2026 11:02:35.545] [Render thread/WARN] [net.minecraft.client.sounds.SoundEngine/]: Missing sound for event: minecraft:item.goat_horn.play
[22Feb2026 11:02:35.545] [Render thread/WARN] [net.minecraft.client.sounds.SoundEngine/]: Missing sound for event: minecraft:entity.goat.screaming.horn_break
[22Feb2026 11:02:35.599] [Render thread/INFO] [com.mojang.blaze3d.audio.Library/]: OpenAL initialized on device OpenAL Soft on Voicemeeter VAIO3 Input (VB-Audio Voicemeeter VAIO)
[22Feb2026 11:02:35.600] [Render thread/INFO] [net.minecraft.client.sounds.SoundEngine/SOUNDS]: Sound engine started
[22Feb2026 11:02:35.722] [Render thread/INFO] [net.minecraft.client.renderer.texture.TextureAtlas/]: Created: 2048x1024x4 minecraft:textures/atlas/blocks.png-atlas
[22Feb2026 11:02:35.746] [Render thread/INFO] [net.minecraft.client.renderer.texture.TextureAtlas/]: Created: 256x256x4 minecraft:textures/atlas/signs.png-atlas
[22Feb2026 11:02:35.746] [Render thread/INFO] [net.minecraft.client.renderer.texture.TextureAtlas/]: Created: 512x512x4 minecraft:textures/atlas/shield_patterns.png-atlas
[22Feb2026 11:02:35.747] [Render thread/INFO] [net.minecraft.client.renderer.texture.TextureAtlas/]: Created: 512x512x4 minecraft:textures/atlas/banner_patterns.png-atlas
[22Feb2026 11:02:35.748] [Render thread/INFO] [net.minecraft.client.renderer.texture.TextureAtlas/]: Created: 2048x1024x4 minecraft:textures/atlas/armor_trims.png-atlas
[22Feb2026 11:02:35.760] [Render thread/INFO] [net.minecraft.client.renderer.texture.TextureAtlas/]: Created: 256x256x4 minecraft:textures/atlas/chest.png-atlas
[22Feb2026 11:02:35.760] [Render thread/INFO] [net.minecraft.client.renderer.texture.TextureAtlas/]: Created: 128x64x4 minecraft:textures/atlas/decorated_pot.png-atlas
[22Feb2026 11:02:35.760] [Render thread/INFO] [net.minecraft.client.renderer.texture.TextureAtlas/]: Created: 512x256x4 minecraft:textures/atlas/beds.png-atlas
[22Feb2026 11:02:35.761] [Render thread/INFO] [net.minecraft.client.renderer.texture.TextureAtlas/]: Created: 512x256x4 minecraft:textures/atlas/shulker_boxes.png-atlas
[22Feb2026 11:02:35.844] [Render thread/INFO] [net.minecraft.client.renderer.texture.TextureAtlas/]: Created: 512x256x0 minecraft:textures/atlas/particles.png-atlas
[22Feb2026 11:02:35.846] [Render thread/INFO] [net.minecraft.client.renderer.texture.TextureAtlas/]: Created: 512x256x0 minecraft:textures/atlas/paintings.png-atlas
[22Feb2026 11:02:35.847] [Render thread/INFO] [net.minecraft.client.renderer.texture.TextureAtlas/]: Created: 256x128x0 minecraft:textures/atlas/mob_effects.png-atlas
[22Feb2026 11:02:35.847] [Render thread/INFO] [net.minecraft.client.renderer.texture.TextureAtlas/]: Created: 64x64x0 minecraft:textures/atlas/map_decorations.png-atlas
[22Feb2026 11:02:35.847] [Render thread/INFO] [net.minecraft.client.renderer.texture.TextureAtlas/]: Created: 1024x512x0 minecraft:textures/atlas/gui.png-atlas
[22Feb2026 11:02:35.871] [Render thread/WARN] [net.minecraft.client.renderer.ShaderInstance/]: Shader rendertype_entity_translucent_emissive could not find sampler named Sampler2 in the specified shader program.
[22Feb2026 11:02:35.960] [Render thread/INFO] [flywheel/backend/shaders/]: Loaded 77 shader sources in 33.619 ms
[22Feb2026 11:02:35.993] [Render thread/INFO] [com.simibubi.create.Create/]: Loaded 58 train hat configurations.
[22Feb2026 11:02:35.994] [Render thread/INFO] [net.neoforged.neoforge.client.entity.animation.json.AnimationLoader/]: Loaded 0 entity animations
[22Feb2026 11:05:31.893] [Render thread/INFO] [com.simibubi.create.Create/]: Created 157 recipes which will be injected into the game
[22Feb2026 11:05:31.899] [Render thread/INFO] [com.simibubi.create.Create/]: Created 0 tags which will be injected into the game
[22Feb2026 11:05:33.068] [Render thread/INFO] [net.minecraft.world.item.crafting.RecipeManager/]: Loaded 2783 recipes
[22Feb2026 11:05:33.312] [Render thread/INFO] [net.minecraft.advancements.AdvancementTree/]: Loaded 2474 advancements
[22Feb2026 11:05:34.284] [Server thread/INFO] [net.minecraft.client.server.IntegratedServer/]: Starting integrated minecraft server version 1.21.1
[22Feb2026 11:05:34.284] [Server thread/INFO] [net.minecraft.server.MinecraftServer/]: Generating keypair
[22Feb2026 11:05:35.344] [Server thread/INFO] [net.minecraft.server.MinecraftServer/]: Preparing start region for dimension minecraft:overworld
[22Feb2026 11:05:35.613] [progressListener/INFO] [net.minecraft.server.level.progress.LoggerChunkProgressListener/]: Preparing spawn area: 0%
[22Feb2026 11:05:35.726] [Server thread/INFO] [net.neoforged.neoforge.server.permission.PermissionAPI/]: Successfully initialized permission handler neoforge:default_handler
[22Feb2026 11:05:35.730] [progressListener/INFO] [net.minecraft.server.level.progress.LoggerChunkProgressListener/]: Time elapsed: 376 ms
[22Feb2026 11:05:35.830] [Server thread/INFO] [net.minecraft.client.server.IntegratedServer/]: Changing view distance to 12, from 10
[22Feb2026 11:05:35.830] [Server thread/INFO] [net.minecraft.client.server.IntegratedServer/]: Changing simulation distance to 12, from 0
[22Feb2026 11:05:36.278] [Render thread/INFO] [com.simibubi.create.Create/]: Created 157 recipes which will be injected into the game
[22Feb2026 11:05:36.281] [Render thread/INFO] [com.simibubi.create.Create/]: Created 0 tags which will be injected into the game
[22Feb2026 11:05:36.590] [Server thread/INFO] [net.minecraft.server.players.PlayerList/]: Dev[local:E:56ad7e40] logged in with entity id 48 at (152.39747033830625, 69.28271854438606, 70.5415317790748)
[22Feb2026 11:05:36.666] [Server thread/INFO] [net.minecraft.server.MinecraftServer/]: Dev joined the game
[22Feb2026 11:05:36.740] [Render thread/INFO] [flywheel/]: Started 6 worker threads
[22Feb2026 11:05:37.018] [Render thread/INFO] [FTB Library/]: config has been updated! server = false - clear any cached data etc. here
[22Feb2026 11:05:37.018] [Render thread/INFO] [FTB Library/]: received server config settings for config: ftblibrary-server
[22Feb2026 11:05:37.024] [Render thread/INFO] [net.minecraft.client.gui.components.ChatComponent/]: [System] [CHAT] Hello from FTB Library!
[22Feb2026 11:05:37.034] [Render thread/INFO] [net.minecraft.advancements.AdvancementTree/]: Loaded 64 advancements
[22Feb2026 14:02:00.534] [Server thread/INFO] [net.minecraft.client.server.IntegratedServer/]: Saving and pausing game...
[22Feb2026 14:02:00.547] [Server thread/INFO] [net.minecraft.server.MinecraftServer/]: Saving chunks for level 'ServerLevel[New World]'/minecraft:overworld
[22Feb2026 14:02:00.551] [Server thread/INFO] [net.minecraft.server.MinecraftServer/]: Saving chunks for level 'ServerLevel[New World]'/minecraft:the_end
[22Feb2026 14:02:00.552] [Server thread/INFO] [net.minecraft.server.MinecraftServer/]: Saving chunks for level 'ServerLevel[New World]'/minecraft:the_nether
[22Feb2026 14:10:18.333] [Server thread/INFO] [net.minecraft.client.server.IntegratedServer/]: Saving and pausing game...
[22Feb2026 14:10:18.346] [Server thread/INFO] [net.minecraft.server.MinecraftServer/]: Saving chunks for level 'ServerLevel[New World]'/minecraft:overworld
[22Feb2026 14:10:18.351] [Server thread/INFO] [net.minecraft.server.MinecraftServer/]: Saving chunks for level 'ServerLevel[New World]'/minecraft:the_end
[22Feb2026 14:10:18.352] [Server thread/INFO] [net.minecraft.server.MinecraftServer/]: Saving chunks for level 'ServerLevel[New World]'/minecraft:the_nether
[22Feb2026 14:22:57.495] [Render thread/INFO] [net.minecraft.client.Minecraft/]: Stopping!
[22Feb2026 14:22:57.553] [Server thread/INFO] [net.minecraft.server.network.ServerGamePacketListenerImpl/]: Dev lost connection: Disconnected
[22Feb2026 14:22:57.554] [Server thread/INFO] [net.minecraft.server.MinecraftServer/]: Dev left the game
[22Feb2026 14:22:57.569] [Server thread/INFO] [net.minecraft.server.network.ServerCommonPacketListenerImpl/]: Stopping singleplayer server as player logged out
[22Feb2026 14:22:57.598] [Server thread/INFO] [net.minecraft.server.MinecraftServer/]: Stopping server
[22Feb2026 14:22:57.600] [Server thread/INFO] [net.minecraft.server.MinecraftServer/]: Saving players
[22Feb2026 14:22:57.600] [Server thread/INFO] [net.minecraft.server.MinecraftServer/]: Saving worlds
[22Feb2026 14:22:57.746] [Server thread/INFO] [net.minecraft.server.MinecraftServer/]: Saving chunks for level 'ServerLevel[New World]'/minecraft:overworld
[22Feb2026 14:22:57.811] [Server thread/INFO] [net.minecraft.server.MinecraftServer/]: Saving chunks for level 'ServerLevel[New World]'/minecraft:the_end
[22Feb2026 14:22:57.818] [Server thread/INFO] [net.minecraft.server.MinecraftServer/]: Saving chunks for level 'ServerLevel[New World]'/minecraft:the_nether
[22Feb2026 14:22:57.833] [Server thread/INFO] [net.minecraft.server.MinecraftServer/]: ThreadedAnvilChunkStorage (New World): All chunks are saved
[22Feb2026 14:22:57.833] [Server thread/INFO] [net.minecraft.server.MinecraftServer/]: ThreadedAnvilChunkStorage (DIM1): All chunks are saved
[22Feb2026 14:22:57.833] [Server thread/INFO] [net.minecraft.server.MinecraftServer/]: ThreadedAnvilChunkStorage (DIM-1): All chunks are saved
[22Feb2026 14:22:57.833] [Server thread/INFO] [net.minecraft.server.MinecraftServer/]: ThreadedAnvilChunkStorage: All dimensions are saved
